# JRE version: OpenJDK Runtime Environment Temurin-17.0.5+8 (17.0.5+8) (build 17.0.5+8)
# Java VM: OpenJDK 64-Bit Server VM Temurin-17.0.5+8 (17.0.5+8, mixed mode, tiered, compressed oops, compressed class ptrs, g1 gc, windows-amd64)
GC Precious Log:
 CPUs: 8 total, 8 available
 Memory: 8070M
 Large Page Support: Disabled
 NUMA Support: Disabled
 Compressed Oops: Enabled (32-bit)
 Heap Region Size: 1M
 Heap Min Capacity: 8M
 Heap Initial Capacity: 128M
 Heap Max Capacity: 2018M
 Pre-touch: Disabled
 Parallel Workers: 8
 Concurrent Workers: 2
 Concurrent Refinement Workers: 8
 Periodic GC: Disabled
Heap:
 garbage-first heap   total 49152K, used 32938K [0x0000000081e00000, 0x0000000100000000)
  region size 1024K, 13 young (13312K), 1 survivors (1024K)
 Metaspace       used 62172K, committed 62592K, reserved 1105920K
  class space    used 8065K, committed 8256K, reserved 1048576K
GC Heap History (20 events):
Event: 2.210 GC heap before
{Heap before GC invocations=4 (full 0):
 garbage-first heap   total 40960K, used 28390K [0x0000000081e00000, 0x0000000100000000)
  region size 1024K, 19 young (19456K), 2 survivors (2048K)
 Metaspace       used 27244K, committed 27520K, reserved 1081344K
  class space    used 3059K, committed 3200K, reserved 1048576K
}
Event: 2.214 GC heap after
{Heap after GC invocations=5 (full 0):
 garbage-first heap   total 40960K, used 11818K [0x0000000081e00000, 0x0000000100000000)
  region size 1024K, 2 young (2048K), 2 survivors (2048K)
 Metaspace       used 27244K, committed 27520K, reserved 1081344K
  class space    used 3059K, committed 3200K, reserved 1048576K
}
Event: 2.728 GC heap before
{Heap before GC invocations=5 (full 0):
 garbage-first heap   total 40960K, used 28202K [0x0000000081e00000, 0x0000000100000000)
  region size 1024K, 19 young (19456K), 2 survivors (2048K)
 Metaspace       used 30308K, committed 30656K, reserved 1081344K
  class space    used 3505K, committed 3712K, reserved 1048576K
}
Event: 2.735 GC heap after
{Heap after GC invocations=6 (full 0):
 garbage-first heap   total 40960K, used 13477K [0x0000000081e00000, 0x0000000100000000)
  region size 1024K, 3 young (3072K), 3 survivors (3072K)
 Metaspace       used 30308K, committed 30656K, reserved 1081344K
  class space    used 3505K, committed 3712K, reserved 1048576K
}
Event: 3.333 GC heap before
{Heap before GC invocations=6 (full 0):
 garbage-first heap   total 40960K, used 28837K [0x0000000081e00000, 0x0000000100000000)
  region size 1024K, 19 young (19456K), 3 survivors (3072K)
 Metaspace       used 34379K, committed 34688K, reserved 1081344K
  class space    used 4030K, committed 4160K, reserved 1048576K
}
Event: 3.341 GC heap after
{Heap after GC invocations=7 (full 0):
 garbage-first heap   total 40960K, used 15397K [0x0000000081e00000, 0x0000000100000000)
  region size 1024K, 2 young (2048K), 2 survivors (2048K)
 Metaspace       used 34379K, committed 34688K, reserved 1081344K
  class space    used 4030K, committed 4160K, reserved 1048576K
}
Event: 3.547 GC heap before
{Heap before GC invocations=7 (full 0):
 garbage-first heap   total 40960K, used 21541K [0x0000000081e00000, 0x0000000100000000)
  region size 1024K, 9 young (9216K), 2 survivors (2048K)
 Metaspace       used 35860K, committed 36160K, reserved 1081344K
  class space    used 4209K, committed 4352K, reserved 1048576K
}
Event: 3.555 GC heap after
{Heap after GC invocations=8 (full 0):
 garbage-first heap   total 49152K, used 16536K [0x0000000081e00000, 0x0000000100000000)
  region size 1024K, 2 young (2048K), 2 survivors (2048K)
 Metaspace       used 35860K, committed 36160K, reserved 1081344K
  class space    used 4209K, committed 4352K, reserved 1048576K
}
Event: 3.948 GC heap before
{Heap before GC invocations=9 (full 0):
 garbage-first heap   total 49152K, used 34968K [0x0000000081e00000, 0x0000000100000000)
  region size 1024K, 20 young (20480K), 2 survivors (2048K)
 Metaspace       used 40368K, committed 40832K, reserved 1089536K
  class space    used 4718K, committed 4928K, reserved 1048576K
}
Event: 3.954 GC heap after
{Heap after GC invocations=10 (full 0):
 garbage-first heap   total 49152K, used 17606K [0x0000000081e00000, 0x0000000100000000)
  region size 1024K, 3 young (3072K), 3 survivors (3072K)
 Metaspace       used 40368K, committed 40832K, reserved 1089536K
  class space    used 4718K, committed 4928K, reserved 1048576K
}
Event: 4.807 GC heap before
{Heap before GC invocations=10 (full 0):
 garbage-first heap   total 49152K, used 36038K [0x0000000081e00000, 0x0000000100000000)
  region size 1024K, 21 young (21504K), 3 survivors (3072K)
 Metaspace       used 44744K, committed 45248K, reserved 1089536K
  class space    used 5340K, committed 5568K, reserved 1048576K
}
Event: 4.810 GC heap after
{Heap after GC invocations=11 (full 0):
 garbage-first heap   total 49152K, used 18819K [0x0000000081e00000, 0x0000000100000000)
  region size 1024K, 3 young (3072K), 3 survivors (3072K)
 Metaspace       used 44744K, committed 45248K, reserved 1089536K
  class space    used 5340K, committed 5568K, reserved 1048576K
}
Event: 5.796 GC heap before
{Heap before GC invocations=11 (full 0):
 garbage-first heap   total 49152K, used 37251K [0x0000000081e00000, 0x0000000100000000)
  region size 1024K, 21 young (21504K), 3 survivors (3072K)
 Metaspace       used 49348K, committed 49728K, reserved 1097728K
  class space    used 6068K, committed 6272K, reserved 1048576K
}
Event: 5.801 GC heap after
{Heap after GC invocations=12 (full 0):
 garbage-first heap   total 49152K, used 19752K [0x0000000081e00000, 0x0000000100000000)
  region size 1024K, 2 young (2048K), 2 survivors (2048K)
 Metaspace       used 49348K, committed 49728K, reserved 1097728K
  class space    used 6068K, committed 6272K, reserved 1048576K
}
Event: 6.762 GC heap before
{Heap before GC invocations=12 (full 0):
 garbage-first heap   total 49152K, used 37160K [0x0000000081e00000, 0x0000000100000000)
  region size 1024K, 20 young (20480K), 2 survivors (2048K)
 Metaspace       used 55363K, committed 55808K, reserved 1105920K
  class space    used 6921K, committed 7104K, reserved 1048576K
}
Event: 6.765 GC heap after
{Heap after GC invocations=13 (full 0):
 garbage-first heap   total 49152K, used 20687K [0x0000000081e00000, 0x0000000100000000)
  region size 1024K, 2 young (2048K), 2 survivors (2048K)
 Metaspace       used 55363K, committed 55808K, reserved 1105920K
  class space    used 6921K, committed 7104K, reserved 1048576K
}
Event: 7.463 GC heap before
{Heap before GC invocations=13 (full 0):
 garbage-first heap   total 49152K, used 39119K [0x0000000081e00000, 0x0000000100000000)
  region size 1024K, 20 young (20480K), 2 survivors (2048K)
 Metaspace       used 58887K, committed 59328K, reserved 1105920K
  class space    used 7530K, committed 7744K, reserved 1048576K
}
Event: 7.465 GC heap after
{Heap after GC invocations=14 (full 0):
 garbage-first heap   total 49152K, used 21356K [0x0000000081e00000, 0x0000000100000000)
  region size 1024K, 2 young (2048K), 2 survivors (2048K)
 Metaspace       used 58887K, committed 59328K, reserved 1105920K
  class space    used 7530K, committed 7744K, reserved 1048576K
}
Event: 7.640 GC heap before
{Heap before GC invocations=14 (full 0):
 garbage-first heap   total 49152K, used 25452K [0x0000000081e00000, 0x0000000100000000)
  region size 1024K, 7 young (7168K), 2 survivors (2048K)
 Metaspace       used 60180K, committed 60608K, reserved 1105920K
  class space    used 7728K, committed 7936K, reserved 1048576K
}
Event: 7.642 GC heap after
{Heap after GC invocations=15 (full 0):
 garbage-first heap   total 49152K, used 21674K [0x0000000081e00000, 0x0000000100000000)
  region size 1024K, 1 young (1024K), 1 survivors (1024K)
 Metaspace       used 60180K, committed 60608K, reserved 1105920K
  class space    used 7728K, committed 7936K, reserved 1048576K
}

